[14:46:20] [ServerMain/INFO]: Building unoptimized datafixer
[14:46:21] [ServerMain/INFO]: Environment: authHost='https://authserver.mojang.com', accountsHost='https://api.mojang.com', sessionHost='https://sessionserver.mojang.com', servicesHost='https://api.minecraftservices.com', name='PROD'
[14:46:23] [ServerMain/INFO]: Loaded 7 recipes
[14:46:24] [Server thread/INFO]: Starting minecraft server version 1.19.3
[14:46:24] [Server thread/INFO]: Loading properties
[14:46:24] [Server thread/INFO]: This server is running Paper version git-Paper-445 (MC: 1.19.3) (Implementing API version 1.19.3-R0.1-SNAPSHOT) (Git: 4d7269e)
[14:46:24] [Server thread/INFO]: Server Ping Player Sample Count: 12
[14:46:24] [Server thread/INFO]: Using 4 threads for Netty based IO
[14:46:24] [Server thread/INFO]: [ChunkTaskScheduler] Chunk system is using 1 I/O threads, 10 worker threads, and gen parallelism of 10 threads
[14:46:25] [Server thread/INFO]: Default game type: SURVIVAL
[14:46:25] [Server thread/INFO]: Generating keypair
[14:46:25] [Server thread/INFO]: Starting Minecraft server on *:25565
[14:46:25] [Server thread/INFO]: Using epoll channel type
[14:46:25] [Server thread/INFO]: Paper: Using libdeflate (Linux x86_64) compression from Velocity.
[14:46:25] [Server thread/INFO]: Paper: Using OpenSSL 3.0.x (Linux x86_64) cipher from Velocity.
[14:46:25] [Server thread/INFO]: Server permissions file permissions.yml is empty, ignoring it
[14:46:25] [Server thread/INFO]: Preparing level "world"
[14:46:25] [Server thread/INFO]: Preparing start region for dimension minecraft:overworld
[14:46:25] [Server thread/INFO]: Time elapsed: 135 ms
[14:46:25] [Server thread/INFO]: Preparing start region for dimension minecraft:the_nether
[14:46:26] [Server thread/INFO]: Time elapsed: 30 ms
[14:46:26] [Server thread/INFO]: Preparing start region for dimension minecraft:the_end
[14:46:26] [Server thread/INFO]: Time elapsed: 20 ms
[14:46:26] [Server thread/INFO]: Running delayed init tasks
[14:46:26] [Server thread/INFO]: Done (1.917s)! For help, type "help"
[14:46:26] [Server thread/INFO]: Timings Reset
[14:46:30] [Server thread/INFO]: Stopping the server
[14:46:30] [Server thread/INFO]: Stopping server
[14:46:30] [Server thread/INFO]: Saving players
[14:46:30] [Server thread/INFO]: Saving worlds
[14:46:30] [Server thread/INFO]: Saving chunks for level 'ServerLevel[world]'/minecraft:overworld
[14:46:30] [Server thread/INFO]: [ChunkHolderManager] Waiting 60s for chunk system to halt for world 'world'
[14:46:30] [Server thread/INFO]: [ChunkHolderManager] Halted chunk system for world 'world'
[14:46:30] [Server thread/INFO]: [ChunkHolderManager] Saving all chunkholders for world 'world'
[14:46:31] [Server thread/INFO]: [ChunkHolderManager] Saved 529 block chunks, 529 entity chunks, 0 poi chunks in world 'world' in 1.61s
[14:46:32] [Server thread/INFO]: ThreadedAnvilChunkStorage (world): All chunks are saved
[14:46:32] [Server thread/INFO]: Saving chunks for level 'ServerLevel[world_nether]'/minecraft:the_nether
[14:46:32] [Server thread/INFO]: [ChunkHolderManager] Waiting 60s for chunk system to halt for world 'world_nether'
[14:46:32] [Server thread/INFO]: [ChunkHolderManager] Halted chunk system for world 'world_nether'
[14:46:32] [Server thread/INFO]: [ChunkHolderManager] Saving all chunkholders for world 'world_nether'
[14:46:32] [Server thread/INFO]: [ChunkHolderManager] Saved 529 block chunks, 529 entity chunks, 0 poi chunks in world 'world_nether' in 0.70s
[14:46:32] [Server thread/INFO]: ThreadedAnvilChunkStorage (DIM-1): All chunks are saved
[14:46:32] [Server thread/INFO]: Saving chunks for level 'ServerLevel[world_the_end]'/minecraft:the_end
[14:46:32] [Server thread/INFO]: [ChunkHolderManager] Waiting 60s for chunk system to halt for world 'world_the_end'
[14:46:32] [Server thread/INFO]: [ChunkHolderManager] Halted chunk system for world 'world_the_end'
[14:46:32] [Server thread/INFO]: [ChunkHolderManager] Saving all chunkholders for world 'world_the_end'
[14:46:33] [Server thread/INFO]: [ChunkHolderManager] Saved 529 block chunks, 529 entity chunks, 0 poi chunks in world 'world_the_end' in 0.27s
[14:46:33] [Server thread/INFO]: ThreadedAnvilChunkStorage (DIM1): All chunks are saved
[14:46:33] [Server thread/INFO]: ThreadedAnvilChunkStorage: All dimensions are saved
[14:46:33] [Server thread/INFO]: Flushing Chunk IO
[14:46:33] [Server thread/INFO]: Closing Thread Pool
[14:46:33] [Server thread/INFO]: Closing Server
